This file contains any messages produced by compilers while
running configure, to aid debugging if configure makes a mistake.

It was created by configure, which was
generated by GNU Autoconf 2.69.  Invocation command line was

  $ ./configure --prefix=/home/pengrf/wifidog/target --host=mipsel-linux --build=x86_64-pc-linux --disable-nls --disable-ipv6 build_alias=x86_64-pc-linux host_alias=mipsel-linux CC=mipsel-linux-gcc --no-create --no-recursion

## --------- ##
## Platform. ##
## --------- ##

hostname = cvn234
uname -m = x86_64
uname -r = 3.6.10-4.fc18.x86_64
uname -s = Linux
uname -v = #1 SMP Tue Dec 11 18:01:27 UTC 2012

/usr/bin/uname -p = x86_64
/bin/uname -X     = unknown

/bin/arch              = x86_64
/usr/bin/arch -k       = unknown
/usr/convex/getsysinfo = unknown
/usr/bin/hostinfo      = unknown
/bin/machine           = unknown
/usr/bin/oslevel       = unknown
/bin/universe          = unknown

PATH: /usr/lib64/ccache
PATH: /usr/local/bin
PATH: /usr/bin
PATH: /usr/local/sbin
PATH: /usr/sbin
PATH: /home/pengrf/.local/bin
PATH: /home/pengrf/bin
PATH: /opt/buildroot-gcc342/bin/


## ----------- ##
## Core tests. ##
## ----------- ##

configure:2392: checking for mipsel-linux-gcc
configure:2419: result: mipsel-linux-gcc
configure:2688: checking for C compiler version
configure:2697: mipsel-linux-gcc --version >&5
mipsel-linux-gcc (GCC) 3.4.2
Copyright (C) 2004 Free Software Foundation, Inc.
This is free software; see the source for copying conditions.  There is NO
warranty; not even for MERCHANTABILITY or FITNESS FOR A PARTICULAR PURPOSE.

configure:2708: $? = 0
configure:2697: mipsel-linux-gcc -v >&5
Reading specs from /opt/buildroot-gcc342/bin/../lib/gcc/mipsel-linux-uclibc/3.4.2/specs
Configured with: /home/winfred/RT288x_SDK/toolchain/buildroot/toolchain_build_mipsel/gcc-3.4.2/configure --prefix=/home/winfred/RT288x_SDK/toolchain/buildroot-gdb --build=i386-pc-linux-gnu --host=i386-pc-linux-gnu --target=mipsel-linux-uclibc --enable-languages=c,c++ --disable-__cxa_atexit --enable-target-optspace --with-gnu-ld --disable-shared --disable-nls --enable-threads --enable-multilib --enable-sjlj-exceptions : (reconfigured) /home/winfred/RT288x_SDK/toolchain/buildroot/toolchain_build_mipsel/gcc-3.4.2/configure --prefix=/home/winfred/RT288x_SDK/toolchain/buildroot-gdb --build=i386-pc-linux-gnu --host=i386-pc-linux-gnu --target=mipsel-linux-uclibc --enable-languages=c,c++ --disable-__cxa_atexit --enable-target-optspace --with-gnu-ld --disable-shared --disable-nls --enable-threads --enable-multilib --enable-sjlj-exceptions
Thread model: posix
gcc version 3.4.2
configure:2708: $? = 0
configure:2697: mipsel-linux-gcc -V >&5
mipsel-linux-gcc: `-V' option must have argument
configure:2708: $? = 1
configure:2697: mipsel-linux-gcc -qversion >&5
mipsel-linux-gcc: unrecognized option `-qversion'
mipsel-linux-gcc: no input files
configure:2708: $? = 1
configure:2728: checking whether the C compiler works
configure:2750: mipsel-linux-gcc    conftest.c  >&5
configure:2754: $? = 0
configure:2802: result: yes
configure:2805: checking for C compiler default output file name
configure:2807: result: a.out
configure:2813: checking for suffix of executables
configure:2820: mipsel-linux-gcc -o conftest    conftest.c  >&5
configure:2824: $? = 0
configure:2846: result: 
configure:2868: checking whether we are cross compiling
configure:2906: result: yes
configure:2911: checking for suffix of object files
configure:2933: mipsel-linux-gcc -c   conftest.c >&5
configure:2937: $? = 0
configure:2958: result: o
configure:2962: checking whether we are using the GNU C compiler
configure:2981: mipsel-linux-gcc -c   conftest.c >&5
configure:2981: $? = 0
configure:2990: result: yes
configure:2999: checking whether mipsel-linux-gcc accepts -g
configure:3019: mipsel-linux-gcc -c -g  conftest.c >&5
configure:3019: $? = 0
configure:3060: result: yes
configure:3077: checking for mipsel-linux-gcc option to accept ISO C89
configure:3140: mipsel-linux-gcc  -c -g -O2  conftest.c >&5
configure:3140: $? = 0
configure:3153: result: none needed
configure:3187: checking for mipsel-linux-g++
configure:3203: found /opt/buildroot-gcc342/bin//mipsel-linux-g++
configure:3214: result: mipsel-linux-g++
configure:3285: checking for C++ compiler version
configure:3294: mipsel-linux-g++ --version >&5
mipsel-linux-g++ (GCC) 3.4.2
Copyright (C) 2004 Free Software Foundation, Inc.
This is free software; see the source for copying conditions.  There is NO
warranty; not even for MERCHANTABILITY or FITNESS FOR A PARTICULAR PURPOSE.

configure:3305: $? = 0
configure:3294: mipsel-linux-g++ -v >&5
Reading specs from /opt/buildroot-gcc342/bin/../lib/gcc/mipsel-linux-uclibc/3.4.2/specs
Configured with: /home/winfred/RT288x_SDK/toolchain/buildroot/toolchain_build_mipsel/gcc-3.4.2/configure --prefix=/home/winfred/RT288x_SDK/toolchain/buildroot-gdb --build=i386-pc-linux-gnu --host=i386-pc-linux-gnu --target=mipsel-linux-uclibc --enable-languages=c,c++ --disable-__cxa_atexit --enable-target-optspace --with-gnu-ld --disable-shared --disable-nls --enable-threads --enable-multilib --enable-sjlj-exceptions : (reconfigured) /home/winfred/RT288x_SDK/toolchain/buildroot/toolchain_build_mipsel/gcc-3.4.2/configure --prefix=/home/winfred/RT288x_SDK/toolchain/buildroot-gdb --build=i386-pc-linux-gnu --host=i386-pc-linux-gnu --target=mipsel-linux-uclibc --enable-languages=c,c++ --disable-__cxa_atexit --enable-target-optspace --with-gnu-ld --disable-shared --disable-nls --enable-threads --enable-multilib --enable-sjlj-exceptions
Thread model: posix
gcc version 3.4.2
configure:3305: $? = 0
configure:3294: mipsel-linux-g++ -V >&5
mipsel-linux-g++: `-V' option must have argument
configure:3305: $? = 1
configure:3294: mipsel-linux-g++ -qversion >&5
mipsel-linux-g++: unrecognized option `-qversion'
mipsel-linux-g++: no input files
configure:3305: $? = 1
configure:3309: checking whether we are using the GNU C++ compiler
configure:3328: mipsel-linux-g++ -c   conftest.cpp >&5
configure:3328: $? = 0
configure:3337: result: yes
configure:3346: checking whether mipsel-linux-g++ accepts -g
configure:3366: mipsel-linux-g++ -c -g  conftest.cpp >&5
configure:3366: $? = 0
configure:3407: result: yes
configure:3459: checking for a BSD-compatible install
configure:3527: result: /usr/bin/install -c
configure:3538: checking whether build environment is sane
configure:3593: result: yes
configure:3652: checking for mipsel-linux-strip
configure:3668: found /opt/buildroot-gcc342/bin//mipsel-linux-strip
configure:3679: result: mipsel-linux-strip
configure:3744: checking for a thread-safe mkdir -p
configure:3783: result: /usr/bin/mkdir -p
configure:3790: checking for gawk
configure:3806: found /usr/bin/gawk
configure:3817: result: gawk
configure:3828: checking whether make sets $(MAKE)
configure:3850: result: yes
configure:3880: checking for style of include used by make
configure:3908: result: GNU
configure:4001: checking dependency style of mipsel-linux-gcc
configure:4112: result: gcc3
configure:4129: checking dependency style of mipsel-linux-g++
configure:4240: result: gcc3
configure:4259: checking whether to enable maintainer-specific portions of Makefiles
configure:4268: result: no
configure:4317: checking build system type
configure:4331: result: x86_64-pc-linux-gnu
configure:4351: checking host system type
configure:4364: result: mipsel-unknown-linux-gnu
configure:4405: checking how to print strings
configure:4432: result: printf
configure:4453: checking for a sed that does not truncate output
configure:4517: result: /usr/bin/sed
configure:4535: checking for grep that handles long lines and -e
configure:4593: result: /usr/bin/grep
configure:4598: checking for egrep
configure:4660: result: /usr/bin/grep -E
configure:4665: checking for fgrep
configure:4727: result: /usr/bin/grep -F
configure:4762: checking for ld used by mipsel-linux-gcc
configure:4829: result: /opt/buildroot-gcc342/mipsel-linux-uclibc/bin/ld
configure:4836: checking if the linker (/opt/buildroot-gcc342/mipsel-linux-uclibc/bin/ld) is GNU ld
configure:4851: result: yes
configure:4863: checking for BSD- or MS-compatible name lister (nm)
configure:4912: result: /opt/buildroot-gcc342/bin//mipsel-linux-nm -B
configure:5042: checking the name lister (/opt/buildroot-gcc342/bin//mipsel-linux-nm -B) interface
configure:5049: mipsel-linux-gcc -c -g -O2  conftest.c >&5
configure:5052: /opt/buildroot-gcc342/bin//mipsel-linux-nm -B "conftest.o"
configure:5055: output
00000000 B some_variable
configure:5062: result: BSD nm
configure:5065: checking whether ln -s works
configure:5069: result: yes
configure:5077: checking the maximum length of command line arguments
configure:5207: result: 1572864
configure:5224: checking whether the shell understands some XSI constructs
configure:5234: result: yes
configure:5238: checking whether the shell understands "+="
configure:5244: result: yes
configure:5279: checking how to convert x86_64-pc-linux-gnu file names to mipsel-unknown-linux-gnu format
configure:5319: result: func_convert_file_noop
configure:5326: checking how to convert x86_64-pc-linux-gnu file names to toolchain format
configure:5346: result: func_convert_file_noop
configure:5353: checking for /opt/buildroot-gcc342/mipsel-linux-uclibc/bin/ld option to reload object files
configure:5360: result: -r
configure:5394: checking for mipsel-linux-objdump
configure:5410: found /opt/buildroot-gcc342/bin//mipsel-linux-objdump
configure:5421: result: mipsel-linux-objdump
configure:5493: checking how to recognize dependent libraries
configure:5695: result: pass_all
configure:5740: checking for mipsel-linux-dlltool
configure:5770: result: no
configure:5780: checking for dlltool
configure:5810: result: no
configure:5840: checking how to associate runtime and link libraries
configure:5867: result: printf %s\n
configure:5884: checking for mipsel-linux-ar
configure:5900: found /opt/buildroot-gcc342/bin//mipsel-linux-ar
configure:5911: result: mipsel-linux-ar
configure:5992: checking for archiver @FILE support
configure:6009: mipsel-linux-gcc -c -g -O2  conftest.c >&5
configure:6009: $? = 0
configure:6012: mipsel-linux-ar cru libconftest.a @conftest.lst >&5
configure:6015: $? = 0
configure:6020: mipsel-linux-ar cru libconftest.a @conftest.lst >&5
mipsel-linux-ar: conftest.o: No such file or directory
configure:6023: $? = 1
configure:6035: result: @
configure:6053: checking for mipsel-linux-strip
configure:6080: result: mipsel-linux-strip
configure:6152: checking for mipsel-linux-ranlib
configure:6168: found /opt/buildroot-gcc342/bin//mipsel-linux-ranlib
configure:6179: result: mipsel-linux-ranlib
configure:6321: checking command to parse /opt/buildroot-gcc342/bin//mipsel-linux-nm -B output from mipsel-linux-gcc object
configure:6441: mipsel-linux-gcc -c -g -O2  conftest.c >&5
configure:6444: $? = 0
configure:6448: /opt/buildroot-gcc342/bin//mipsel-linux-nm -B conftest.o \| sed -n -e 's/^.*[ ]\([ABCDGIRSTW][ABCDGIRSTW]*\)[ ][ ]*\([_A-Za-z][_A-Za-z0-9]*\)$/\1 \2 \2/p' | sed '/ __gnu_lto/d' \> conftest.nm
configure:6451: $? = 0
configure:6517: mipsel-linux-gcc -o conftest -g -O2   conftest.c conftstm.o >&5
configure:6520: $? = 0
configure:6558: result: ok
configure:6595: checking for sysroot
configure:6625: result: no
configure:6841: checking for mipsel-linux-mt
configure:6871: result: no
configure:6881: checking for mt
configure:6911: result: no
configure:6931: checking if : is a manifest tool
configure:6937: : '-?'
configure:6945: result: no
configure:7587: checking how to run the C preprocessor
configure:7618: mipsel-linux-gcc -E  conftest.c
configure:7618: $? = 0
configure:7632: mipsel-linux-gcc -E  conftest.c
conftest.c:11:28: ac_nonexistent.h: No such file or directory
configure:7632: $? = 1
configure: failed program was:
| /* confdefs.h */
| #define PACKAGE_NAME ""
| #define PACKAGE_TARNAME ""
| #define PACKAGE_VERSION ""
| #define PACKAGE_STRING ""
| #define PACKAGE_BUGREPORT ""
| #define PACKAGE_URL ""
| #define PACKAGE "wifidog"
| #define VERSION "20090925"
| /* end confdefs.h.  */
| #include <ac_nonexistent.h>
configure:7657: result: mipsel-linux-gcc -E
configure:7677: mipsel-linux-gcc -E  conftest.c
configure:7677: $? = 0
configure:7691: mipsel-linux-gcc -E  conftest.c
conftest.c:11:28: ac_nonexistent.h: No such file or directory
configure:7691: $? = 1
configure: failed program was:
| /* confdefs.h */
| #define PACKAGE_NAME ""
| #define PACKAGE_TARNAME ""
| #define PACKAGE_VERSION ""
| #define PACKAGE_STRING ""
| #define PACKAGE_BUGREPORT ""
| #define PACKAGE_URL ""
| #define PACKAGE "wifidog"
| #define VERSION "20090925"
| /* end confdefs.h.  */
| #include <ac_nonexistent.h>
configure:7720: checking for ANSI C header files
configure:7740: mipsel-linux-gcc -c -g -O2  conftest.c >&5
configure:7740: $? = 0
configure:7824: result: yes
configure:7837: checking for sys/types.h
configure:7837: mipsel-linux-gcc -c -g -O2  conftest.c >&5
configure:7837: $? = 0
configure:7837: result: yes
configure:7837: checking for sys/stat.h
configure:7837: mipsel-linux-gcc -c -g -O2  conftest.c >&5
configure:7837: $? = 0
configure:7837: result: yes
configure:7837: checking for stdlib.h
configure:7837: mipsel-linux-gcc -c -g -O2  conftest.c >&5
configure:7837: $? = 0
configure:7837: result: yes
configure:7837: checking for string.h
configure:7837: mipsel-linux-gcc -c -g -O2  conftest.c >&5
configure:7837: $? = 0
configure:7837: result: yes
configure:7837: checking for memory.h
configure:7837: mipsel-linux-gcc -c -g -O2  conftest.c >&5
configure:7837: $? = 0
configure:7837: result: yes
configure:7837: checking for strings.h
configure:7837: mipsel-linux-gcc -c -g -O2  conftest.c >&5
configure:7837: $? = 0
configure:7837: result: yes
configure:7837: checking for inttypes.h
configure:7837: mipsel-linux-gcc -c -g -O2  conftest.c >&5
configure:7837: $? = 0
configure:7837: result: yes
configure:7837: checking for stdint.h
configure:7837: mipsel-linux-gcc -c -g -O2  conftest.c >&5
configure:7837: $? = 0
configure:7837: result: yes
configure:7837: checking for unistd.h
configure:7837: mipsel-linux-gcc -c -g -O2  conftest.c >&5
configure:7837: $? = 0
configure:7837: result: yes
configure:7851: checking for dlfcn.h
configure:7851: mipsel-linux-gcc -c -g -O2  conftest.c >&5
configure:7851: $? = 0
configure:7851: result: yes
configure:8066: checking for objdir
configure:8081: result: .libs
configure:8348: checking if mipsel-linux-gcc supports -fno-rtti -fno-exceptions
configure:8366: mipsel-linux-gcc -c -g -O2  -fno-rtti -fno-exceptions conftest.c >&5
cc1: warning: command line option "-fno-rtti" is valid for C++/ObjC++ but not for C
configure:8370: $? = 0
configure:8383: result: no
configure:8710: checking for mipsel-linux-gcc option to produce PIC
configure:8717: result: -fPIC -DPIC
configure:8725: checking if mipsel-linux-gcc PIC flag -fPIC -DPIC works
configure:8743: mipsel-linux-gcc -c -g -O2  -fPIC -DPIC -DPIC conftest.c >&5
configure:8747: $? = 0
configure:8760: result: yes
configure:8789: checking if mipsel-linux-gcc static flag -static works
configure:8817: result: yes
configure:8832: checking if mipsel-linux-gcc supports -c -o file.o
configure:8853: mipsel-linux-gcc -c -g -O2  -o out/conftest2.o conftest.c >&5
configure:8857: $? = 0
configure:8879: result: yes
configure:8887: checking if mipsel-linux-gcc supports -c -o file.o
configure:8934: result: yes
configure:8967: checking whether the mipsel-linux-gcc linker (/opt/buildroot-gcc342/mipsel-linux-uclibc/bin/ld) supports shared libraries
configure:10120: result: yes
configure:10157: checking whether -lc should be explicitly linked in
configure:10165: mipsel-linux-gcc -c -g -O2  conftest.c >&5
configure:10168: $? = 0
configure:10183: mipsel-linux-gcc -shared  -fPIC -DPIC conftest.o  -v -Wl,-soname -Wl,conftest -o conftest 2\>\&1 \| /usr/bin/grep  -lc  \>/dev/null 2\>\&1
configure:10186: $? = 0
configure:10200: result: no
configure:10360: checking dynamic linker characteristics
configure:10871: mipsel-linux-gcc -o conftest -g -O2   -Wl,-rpath -Wl,/foo conftest.c  >&5
configure:10871: $? = 0
configure:11097: result: GNU/Linux ld.so
configure:11204: checking how to hardcode library paths into programs
configure:11229: result: immediate
configure:11323: checking for shl_load
configure:11323: mipsel-linux-gcc -o conftest -g -O2   conftest.c  >&5
/tmp/cciLFwso.o: In function `main':/home/pengrf/github/wifidog/conftest.c:57: undefined reference to `shl_load'
collect2: ld returned 1 exit status
configure:11323: $? = 1
configure: failed program was:
| /* confdefs.h */
| #define PACKAGE_NAME ""
| #define PACKAGE_TARNAME ""
| #define PACKAGE_VERSION ""
| #define PACKAGE_STRING ""
| #define PACKAGE_BUGREPORT ""
| #define PACKAGE_URL ""
| #define PACKAGE "wifidog"
| #define VERSION "20090925"
| #define STDC_HEADERS 1
| #define HAVE_SYS_TYPES_H 1
| #define HAVE_SYS_STAT_H 1
| #define HAVE_STDLIB_H 1
| #define HAVE_STRING_H 1
| #define HAVE_MEMORY_H 1
| #define HAVE_STRINGS_H 1
| #define HAVE_INTTYPES_H 1
| #define HAVE_STDINT_H 1
| #define HAVE_UNISTD_H 1
| #define HAVE_DLFCN_H 1
| #define LT_OBJDIR ".libs/"
| /* end confdefs.h.  */
| /* Define shl_load to an innocuous variant, in case <limits.h> declares shl_load.
|    For example, HP-UX 11i <limits.h> declares gettimeofday.  */
| #define shl_load innocuous_shl_load
| 
| /* System header to define __stub macros and hopefully few prototypes,
|     which can conflict with char shl_load (); below.
|     Prefer <limits.h> to <assert.h> if __STDC__ is defined, since
|     <limits.h> exists even on freestanding compilers.  */
| 
| #ifdef __STDC__
| # include <limits.h>
| #else
| # include <assert.h>
| #endif
| 
| #undef shl_load
| 
| /* Override any GCC internal prototype to avoid an error.
|    Use char because int might match the return type of a GCC
|    builtin and then its argument prototype would still apply.  */
| #ifdef __cplusplus
| extern "C"
| #endif
| char shl_load ();
| /* The GNU C library defines this for functions which it implements
|     to always fail with ENOSYS.  Some functions are actually named
|     something starting with __ and the normal name is an alias.  */
| #if defined __stub_shl_load || defined __stub___shl_load
| choke me
| #endif
| 
| int
| main ()
| {
| return shl_load ();
|   ;
|   return 0;
| }
configure:11323: result: no
configure:11327: checking for shl_load in -ldld
configure:11352: mipsel-linux-gcc -o conftest -g -O2   conftest.c -ldld   >&5
/opt/buildroot-gcc342/bin/../lib/gcc/mipsel-linux-uclibc/3.4.2/../../../../mipsel-linux-uclibc/bin/ld: cannot find -ldld
collect2: ld returned 1 exit status
configure:11352: $? = 1
configure: failed program was:
| /* confdefs.h */
| #define PACKAGE_NAME ""
| #define PACKAGE_TARNAME ""
| #define PACKAGE_VERSION ""
| #define PACKAGE_STRING ""
| #define PACKAGE_BUGREPORT ""
| #define PACKAGE_URL ""
| #define PACKAGE "wifidog"
| #define VERSION "20090925"
| #define STDC_HEADERS 1
| #define HAVE_SYS_TYPES_H 1
| #define HAVE_SYS_STAT_H 1
| #define HAVE_STDLIB_H 1
| #define HAVE_STRING_H 1
| #define HAVE_MEMORY_H 1
| #define HAVE_STRINGS_H 1
| #define HAVE_INTTYPES_H 1
| #define HAVE_STDINT_H 1
| #define HAVE_UNISTD_H 1
| #define HAVE_DLFCN_H 1
| #define LT_OBJDIR ".libs/"
| /* end confdefs.h.  */
| 
| /* Override any GCC internal prototype to avoid an error.
|    Use char because int might match the return type of a GCC
|    builtin and then its argument prototype would still apply.  */
| #ifdef __cplusplus
| extern "C"
| #endif
| char shl_load ();
| int
| main ()
| {
| return shl_load ();
|   ;
|   return 0;
| }
configure:11361: result: no
configure:11366: checking for dlopen
configure:11366: mipsel-linux-gcc -o conftest -g -O2   conftest.c  >&5
/tmp/ccKrOEiC.o: In function `main':/home/pengrf/github/wifidog/conftest.c:57: undefined reference to `dlopen'
collect2: ld returned 1 exit status
configure:11366: $? = 1
configure: failed program was:
| /* confdefs.h */
| #define PACKAGE_NAME ""
| #define PACKAGE_TARNAME ""
| #define PACKAGE_VERSION ""
| #define PACKAGE_STRING ""
| #define PACKAGE_BUGREPORT ""
| #define PACKAGE_URL ""
| #define PACKAGE "wifidog"
| #define VERSION "20090925"
| #define STDC_HEADERS 1
| #define HAVE_SYS_TYPES_H 1
| #define HAVE_SYS_STAT_H 1
| #define HAVE_STDLIB_H 1
| #define HAVE_STRING_H 1
| #define HAVE_MEMORY_H 1
| #define HAVE_STRINGS_H 1
| #define HAVE_INTTYPES_H 1
| #define HAVE_STDINT_H 1
| #define HAVE_UNISTD_H 1
| #define HAVE_DLFCN_H 1
| #define LT_OBJDIR ".libs/"
| /* end confdefs.h.  */
| /* Define dlopen to an innocuous variant, in case <limits.h> declares dlopen.
|    For example, HP-UX 11i <limits.h> declares gettimeofday.  */
| #define dlopen innocuous_dlopen
| 
| /* System header to define __stub macros and hopefully few prototypes,
|     which can conflict with char dlopen (); below.
|     Prefer <limits.h> to <assert.h> if __STDC__ is defined, since
|     <limits.h> exists even on freestanding compilers.  */
| 
| #ifdef __STDC__
| # include <limits.h>
| #else
| # include <assert.h>
| #endif
| 
| #undef dlopen
| 
| /* Override any GCC internal prototype to avoid an error.
|    Use char because int might match the return type of a GCC
|    builtin and then its argument prototype would still apply.  */
| #ifdef __cplusplus
| extern "C"
| #endif
| char dlopen ();
| /* The GNU C library defines this for functions which it implements
|     to always fail with ENOSYS.  Some functions are actually named
|     something starting with __ and the normal name is an alias.  */
| #if defined __stub_dlopen || defined __stub___dlopen
| choke me
| #endif
| 
| int
| main ()
| {
| return dlopen ();
|   ;
|   return 0;
| }
configure:11366: result: no
configure:11370: checking for dlopen in -ldl
configure:11395: mipsel-linux-gcc -o conftest -g -O2   conftest.c -ldl   >&5
configure:11395: $? = 0
configure:11404: result: yes
configure:11523: checking whether a program can dlopen itself
configure:11624: result: cross
configure:11769: checking whether stripping libraries is possible
configure:11774: result: yes
configure:11809: checking if libtool supports shared libraries
configure:11811: result: yes
configure:11814: checking whether to build shared libraries
configure:11835: result: yes
configure:11838: checking whether to build static libraries
configure:11842: result: yes
configure:11865: checking how to run the C++ preprocessor
configure:11892: mipsel-linux-g++ -E  conftest.cpp
configure:11892: $? = 0
configure:11906: mipsel-linux-g++ -E  conftest.cpp
conftest.cpp:23:28: ac_nonexistent.h: No such file or directory
configure:11906: $? = 1
configure: failed program was:
| /* confdefs.h */
| #define PACKAGE_NAME ""
| #define PACKAGE_TARNAME ""
| #define PACKAGE_VERSION ""
| #define PACKAGE_STRING ""
| #define PACKAGE_BUGREPORT ""
| #define PACKAGE_URL ""
| #define PACKAGE "wifidog"
| #define VERSION "20090925"
| #define STDC_HEADERS 1
| #define HAVE_SYS_TYPES_H 1
| #define HAVE_SYS_STAT_H 1
| #define HAVE_STDLIB_H 1
| #define HAVE_STRING_H 1
| #define HAVE_MEMORY_H 1
| #define HAVE_STRINGS_H 1
| #define HAVE_INTTYPES_H 1
| #define HAVE_STDINT_H 1
| #define HAVE_UNISTD_H 1
| #define HAVE_DLFCN_H 1
| #define LT_OBJDIR ".libs/"
| /* end confdefs.h.  */
| #include <ac_nonexistent.h>
configure:11931: result: mipsel-linux-g++ -E
configure:11951: mipsel-linux-g++ -E  conftest.cpp
configure:11951: $? = 0
configure:11965: mipsel-linux-g++ -E  conftest.cpp
conftest.cpp:23:28: ac_nonexistent.h: No such file or directory
configure:11965: $? = 1
configure: failed program was:
| /* confdefs.h */
| #define PACKAGE_NAME ""
| #define PACKAGE_TARNAME ""
| #define PACKAGE_VERSION ""
| #define PACKAGE_STRING ""
| #define PACKAGE_BUGREPORT ""
| #define PACKAGE_URL ""
| #define PACKAGE "wifidog"
| #define VERSION "20090925"
| #define STDC_HEADERS 1
| #define HAVE_SYS_TYPES_H 1
| #define HAVE_SYS_STAT_H 1
| #define HAVE_STDLIB_H 1
| #define HAVE_STRING_H 1
| #define HAVE_MEMORY_H 1
| #define HAVE_STRINGS_H 1
| #define HAVE_INTTYPES_H 1
| #define HAVE_STDINT_H 1
| #define HAVE_UNISTD_H 1
| #define HAVE_DLFCN_H 1
| #define LT_OBJDIR ".libs/"
| /* end confdefs.h.  */
| #include <ac_nonexistent.h>
configure:12134: checking for ld used by mipsel-linux-g++
configure:12201: result: /opt/buildroot-gcc342/mipsel-linux-uclibc/bin/ld
configure:12208: checking if the linker (/opt/buildroot-gcc342/mipsel-linux-uclibc/bin/ld) is GNU ld
configure:12223: result: yes
configure:12278: checking whether the mipsel-linux-g++ linker (/opt/buildroot-gcc342/mipsel-linux-uclibc/bin/ld) supports shared libraries
configure:13283: result: yes
configure:13319: mipsel-linux-g++ -c -g -O2  conftest.cpp >&5
configure:13322: $? = 0
configure:13842: checking for mipsel-linux-g++ option to produce PIC
configure:13849: result: -fPIC -DPIC
configure:13857: checking if mipsel-linux-g++ PIC flag -fPIC -DPIC works
configure:13875: mipsel-linux-g++ -c -g -O2  -fPIC -DPIC -DPIC conftest.cpp >&5
configure:13879: $? = 0
configure:13892: result: yes
configure:13915: checking if mipsel-linux-g++ static flag -static works
configure:13943: result: yes
configure:13955: checking if mipsel-linux-g++ supports -c -o file.o
configure:13976: mipsel-linux-g++ -c -g -O2  -o out/conftest2.o conftest.cpp >&5
configure:13980: $? = 0
configure:14002: result: yes
configure:14007: checking if mipsel-linux-g++ supports -c -o file.o
configure:14054: result: yes
configure:14084: checking whether the mipsel-linux-g++ linker (/opt/buildroot-gcc342/mipsel-linux-uclibc/bin/ld) supports shared libraries
configure:14120: result: yes
configure:14261: checking dynamic linker characteristics
configure:14932: result: GNU/Linux ld.so
configure:14985: checking how to hardcode library paths into programs
configure:15010: result: immediate
configure:15072: checking for library containing strerror
configure:15103: mipsel-linux-gcc -o conftest -g -O2   conftest.c  >&5
configure:15103: $? = 0
configure:15120: result: none required
configure:15128: checking whether byte ordering is bigendian
configure:15143: mipsel-linux-gcc -c -g -O2  conftest.c >&5
conftest.c:24: error: parse error before "a"
conftest.c:26: error: syntax error before "typedef"
configure:15143: $? = 1
configure: failed program was:
| /* confdefs.h */
| #define PACKAGE_NAME ""
| #define PACKAGE_TARNAME ""
| #define PACKAGE_VERSION ""
| #define PACKAGE_STRING ""
| #define PACKAGE_BUGREPORT ""
| #define PACKAGE_URL ""
| #define PACKAGE "wifidog"
| #define VERSION "20090925"
| #define STDC_HEADERS 1
| #define HAVE_SYS_TYPES_H 1
| #define HAVE_SYS_STAT_H 1
| #define HAVE_STDLIB_H 1
| #define HAVE_STRING_H 1
| #define HAVE_MEMORY_H 1
| #define HAVE_STRINGS_H 1
| #define HAVE_INTTYPES_H 1
| #define HAVE_STDINT_H 1
| #define HAVE_UNISTD_H 1
| #define HAVE_DLFCN_H 1
| #define LT_OBJDIR ".libs/"
| /* end confdefs.h.  */
| #ifndef __APPLE_CC__
| 	       not a universal capable compiler
| 	     #endif
| 	     typedef int dummy;
| 
configure:15188: mipsel-linux-gcc -c -g -O2  conftest.c >&5
configure:15188: $? = 0
configure:15206: mipsel-linux-gcc -c -g -O2  conftest.c >&5
conftest.c: In function `main':
conftest.c:30: error: `not' undeclared (first use in this function)
conftest.c:30: error: (Each undeclared identifier is reported only once
conftest.c:30: error: for each function it appears in.)
conftest.c:30: error: parse error before "big"
configure:15206: $? = 1
configure: failed program was:
| /* confdefs.h */
| #define PACKAGE_NAME ""
| #define PACKAGE_TARNAME ""
| #define PACKAGE_VERSION ""
| #define PACKAGE_STRING ""
| #define PACKAGE_BUGREPORT ""
| #define PACKAGE_URL ""
| #define PACKAGE "wifidog"
| #define VERSION "20090925"
| #define STDC_HEADERS 1
| #define HAVE_SYS_TYPES_H 1
| #define HAVE_SYS_STAT_H 1
| #define HAVE_STDLIB_H 1
| #define HAVE_STRING_H 1
| #define HAVE_MEMORY_H 1
| #define HAVE_STRINGS_H 1
| #define HAVE_INTTYPES_H 1
| #define HAVE_STDINT_H 1
| #define HAVE_UNISTD_H 1
| #define HAVE_DLFCN_H 1
| #define LT_OBJDIR ".libs/"
| /* end confdefs.h.  */
| #include <sys/types.h>
| 		#include <sys/param.h>
| 
| int
| main ()
| {
| #if BYTE_ORDER != BIG_ENDIAN
| 		 not big endian
| 		#endif
| 
|   ;
|   return 0;
| }
configure:15334: result: no
configure:15352: checking whether make sets $(MAKE)
configure:15374: result: yes
configure:15383: checking for ANSI C header files
configure:15487: result: yes
configure:15532: checking for doxygen
configure:15550: found /usr/bin/doxygen
configure:15562: result: /usr/bin/doxygen
configure:15579: checking for dot
configure:15612: result: no
configure:15650: checking pthread.h usability
configure:15650: mipsel-linux-gcc -c -g -O2  conftest.c >&5
configure:15650: $? = 0
configure:15650: result: yes
configure:15650: checking pthread.h presence
configure:15650: mipsel-linux-gcc -E  conftest.c
configure:15650: $? = 0
configure:15650: result: yes
configure:15650: checking for pthread.h
configure:15650: result: yes
configure:15658: checking for pthread_create in -lpthread
configure:15683: mipsel-linux-gcc -o conftest -g -O2   conftest.c -lpthread   >&5
configure:15683: $? = 0
configure:15692: result: yes
configure:15711: checking for string.h
configure:15711: result: yes
configure:15711: checking for strings.h
configure:15711: result: yes
configure:15711: checking stdarg.h usability
configure:15711: mipsel-linux-gcc -c -g -O2  conftest.c >&5
configure:15711: $? = 0
configure:15711: result: yes
configure:15711: checking stdarg.h presence
configure:15711: mipsel-linux-gcc -E  conftest.c
configure:15711: $? = 0
configure:15711: result: yes
configure:15711: checking for stdarg.h
configure:15711: result: yes
configure:15711: checking for unistd.h
configure:15711: result: yes
configure:15721: checking for main in -lsocket
configure:15740: mipsel-linux-gcc -o conftest -g -O2   conftest.c -lsocket  -lpthread  >&5
/opt/buildroot-gcc342/bin/../lib/gcc/mipsel-linux-uclibc/3.4.2/../../../../mipsel-linux-uclibc/bin/ld: cannot find -lsocket
collect2: ld returned 1 exit status
configure:15740: $? = 1
configure: failed program was:
| /* confdefs.h */
| #define PACKAGE_NAME ""
| #define PACKAGE_TARNAME ""
| #define PACKAGE_VERSION ""
| #define PACKAGE_STRING ""
| #define PACKAGE_BUGREPORT ""
| #define PACKAGE_URL ""
| #define PACKAGE "wifidog"
| #define VERSION "20090925"
| #define STDC_HEADERS 1
| #define HAVE_SYS_TYPES_H 1
| #define HAVE_SYS_STAT_H 1
| #define HAVE_STDLIB_H 1
| #define HAVE_STRING_H 1
| #define HAVE_MEMORY_H 1
| #define HAVE_STRINGS_H 1
| #define HAVE_INTTYPES_H 1
| #define HAVE_STDINT_H 1
| #define HAVE_UNISTD_H 1
| #define HAVE_DLFCN_H 1
| #define LT_OBJDIR ".libs/"
| #define STDC_HEADERS 1
| #define HAVE_LIBPTHREAD 1
| #define HAVE_STRING_H 1
| #define HAVE_STRINGS_H 1
| #define HAVE_STDARG_H 1
| #define HAVE_UNISTD_H 1
| /* end confdefs.h.  */
| 
| 
| int
| main ()
| {
| return main ();
|   ;
|   return 0;
| }
configure:15749: result: no
configure:15761: checking for main in -lnsl
configure:15780: mipsel-linux-gcc -o conftest -g -O2   conftest.c -lnsl  -lpthread  >&5
configure:15780: $? = 0
configure:15789: result: yes
configure:15914: checking that generated files are newer than configure
configure:15920: result: done
configure:15960: creating ./config.status
configure:18450: WARNING: unrecognized options: --disable-nls, --disable-ipv6

## ---------------- ##
## Cache variables. ##
## ---------------- ##

ac_cv_build=x86_64-pc-linux-gnu
ac_cv_c_bigendian=no
ac_cv_c_compiler_gnu=yes
ac_cv_cxx_compiler_gnu=yes
ac_cv_env_CCC_set=
ac_cv_env_CCC_value=
ac_cv_env_CC_set=set
ac_cv_env_CC_value=mipsel-linux-gcc
ac_cv_env_CFLAGS_set=
ac_cv_env_CFLAGS_value=
ac_cv_env_CPPFLAGS_set=
ac_cv_env_CPPFLAGS_value=
ac_cv_env_CPP_set=
ac_cv_env_CPP_value=
ac_cv_env_CXXCPP_set=
ac_cv_env_CXXCPP_value=
ac_cv_env_CXXFLAGS_set=
ac_cv_env_CXXFLAGS_value=
ac_cv_env_CXX_set=
ac_cv_env_CXX_value=
ac_cv_env_LDFLAGS_set=
ac_cv_env_LDFLAGS_value=
ac_cv_env_LIBS_set=
ac_cv_env_LIBS_value=
ac_cv_env_build_alias_set=set
ac_cv_env_build_alias_value=x86_64-pc-linux
ac_cv_env_host_alias_set=set
ac_cv_env_host_alias_value=mipsel-linux
ac_cv_env_target_alias_set=
ac_cv_env_target_alias_value=
ac_cv_func_dlopen=no
ac_cv_func_shl_load=no
ac_cv_header_dlfcn_h=yes
ac_cv_header_inttypes_h=yes
ac_cv_header_memory_h=yes
ac_cv_header_pthread_h=yes
ac_cv_header_stdarg_h=yes
ac_cv_header_stdc=yes
ac_cv_header_stdint_h=yes
ac_cv_header_stdlib_h=yes
ac_cv_header_string_h=yes
ac_cv_header_strings_h=yes
ac_cv_header_sys_stat_h=yes
ac_cv_header_sys_types_h=yes
ac_cv_header_unistd_h=yes
ac_cv_host=mipsel-unknown-linux-gnu
ac_cv_lib_dl_dlopen=yes
ac_cv_lib_dld_shl_load=no
ac_cv_lib_nsl=ac_cv_lib_nsl_main
ac_cv_lib_nsl_main=yes
ac_cv_lib_pthread_pthread_create=yes
ac_cv_lib_socket=ac_cv_lib_socket_main
ac_cv_lib_socket_main=no
ac_cv_objext=o
ac_cv_path_DOXYGEN=/usr/bin/doxygen
ac_cv_path_EGREP='/usr/bin/grep -E'
ac_cv_path_FGREP='/usr/bin/grep -F'
ac_cv_path_GREP=/usr/bin/grep
ac_cv_path_SED=/usr/bin/sed
ac_cv_path_install='/usr/bin/install -c'
ac_cv_path_mkdir=/usr/bin/mkdir
ac_cv_prog_AR=mipsel-linux-ar
ac_cv_prog_AWK=gawk
ac_cv_prog_CC=mipsel-linux-gcc
ac_cv_prog_CPP='mipsel-linux-gcc -E'
ac_cv_prog_CXX=mipsel-linux-g++
ac_cv_prog_CXXCPP='mipsel-linux-g++ -E'
ac_cv_prog_OBJDUMP=mipsel-linux-objdump
ac_cv_prog_RANLIB=mipsel-linux-ranlib
ac_cv_prog_STRIP=mipsel-linux-strip
ac_cv_prog_cc_c89=
ac_cv_prog_cc_g=yes
ac_cv_prog_cxx_g=yes
ac_cv_prog_make_make_set=yes
ac_cv_search_strerror='none required'
am_cv_CC_dependencies_compiler_type=gcc3
am_cv_CXX_dependencies_compiler_type=gcc3
lt_cv_ar_at_file=@
lt_cv_archive_cmds_need_lc=no
lt_cv_deplibs_check_method=pass_all
lt_cv_dlopen=dlopen
lt_cv_dlopen_libs=-ldl
lt_cv_dlopen_self=cross
lt_cv_file_magic_cmd='$MAGIC_CMD'
lt_cv_file_magic_test_file=
lt_cv_ld_reload_flag=-r
lt_cv_nm_interface='BSD nm'
lt_cv_objdir=.libs
lt_cv_path_LD=/opt/buildroot-gcc342/mipsel-linux-uclibc/bin/ld
lt_cv_path_LDCXX=/opt/buildroot-gcc342/mipsel-linux-uclibc/bin/ld
lt_cv_path_NM='/opt/buildroot-gcc342/bin//mipsel-linux-nm -B'
lt_cv_path_mainfest_tool=no
lt_cv_prog_compiler_c_o=yes
lt_cv_prog_compiler_c_o_CXX=yes
lt_cv_prog_compiler_pic='-fPIC -DPIC'
lt_cv_prog_compiler_pic_CXX='-fPIC -DPIC'
lt_cv_prog_compiler_pic_works=yes
lt_cv_prog_compiler_pic_works_CXX=yes
lt_cv_prog_compiler_rtti_exceptions=no
lt_cv_prog_compiler_static_works=yes
lt_cv_prog_compiler_static_works_CXX=yes
lt_cv_prog_gnu_ld=yes
lt_cv_prog_gnu_ldcxx=yes
lt_cv_sharedlib_from_linklib_cmd='printf %s\n'
lt_cv_shlibpath_overrides_runpath=no
lt_cv_sys_global_symbol_pipe='sed -n -e '\''s/^.*[	 ]\([ABCDGIRSTW][ABCDGIRSTW]*\)[	 ][	 ]*\([_A-Za-z][_A-Za-z0-9]*\)$/\1 \2 \2/p'\'' | sed '\''/ __gnu_lto/d'\'''
lt_cv_sys_global_symbol_to_c_name_address='sed -n -e '\''s/^: \([^ ]*\)[ ]*$/  {\"\1\", (void *) 0},/p'\'' -e '\''s/^[ABCDGIRSTW]* \([^ ]*\) \([^ ]*\)$/  {"\2", (void *) \&\2},/p'\'''
lt_cv_sys_global_symbol_to_c_name_address_lib_prefix='sed -n -e '\''s/^: \([^ ]*\)[ ]*$/  {\"\1\", (void *) 0},/p'\'' -e '\''s/^[ABCDGIRSTW]* \([^ ]*\) \(lib[^ ]*\)$/  {"\2", (void *) \&\2},/p'\'' -e '\''s/^[ABCDGIRSTW]* \([^ ]*\) \([^ ]*\)$/  {"lib\2", (void *) \&\2},/p'\'''
lt_cv_sys_global_symbol_to_cdecl='sed -n -e '\''s/^T .* \(.*\)$/extern int \1();/p'\'' -e '\''s/^[ABCDGIRSTW]* .* \(.*\)$/extern char \1;/p'\'''
lt_cv_sys_max_cmd_len=1572864
lt_cv_to_host_file_cmd=func_convert_file_noop
lt_cv_to_tool_file_cmd=func_convert_file_noop

## ----------------- ##
## Output variables. ##
## ----------------- ##

ACLOCAL='${SHELL} /home/pengrf/github/wifidog/config/missing --run aclocal-1.12'
AMDEPBACKSLASH='\'
AMDEP_FALSE='#'
AMDEP_TRUE=''
AMTAR='$${TAR-tar}'
AR='mipsel-linux-ar'
AUTOCONF='${SHELL} /home/pengrf/github/wifidog/config/missing --run autoconf'
AUTOHEADER='${SHELL} /home/pengrf/github/wifidog/config/missing --run autoheader'
AUTOMAKE='${SHELL} /home/pengrf/github/wifidog/config/missing --run automake-1.12'
AWK='gawk'
BUILDROOT=''
CC='mipsel-linux-gcc'
CCDEPMODE='depmode=gcc3'
CFLAGS='-g -O2'
CPP='mipsel-linux-gcc -E'
CPPFLAGS=''
CXX='mipsel-linux-g++'
CXXCPP='mipsel-linux-g++ -E'
CXXDEPMODE='depmode=gcc3'
CXXFLAGS='-g -O2'
CYGPATH_W='echo'
DEFS='-DHAVE_CONFIG_H'
DEPDIR='.deps'
DLLTOOL='false'
DOC_FALSE='#'
DOC_TRUE=''
DOT=''
DOXYGEN='/usr/bin/doxygen'
DSYMUTIL=''
DUMPBIN=''
ECHO_C=''
ECHO_N='-n'
ECHO_T=''
EGREP='/usr/bin/grep -E'
ENABLE_DOXYGEN_FALSE=''
ENABLE_DOXYGEN_TRUE='#'
EXEEXT=''
FGREP='/usr/bin/grep -F'
GREP='/usr/bin/grep'
INSTALL_DATA='${INSTALL} -m 644'
INSTALL_PROGRAM='${INSTALL}'
INSTALL_SCRIPT='${INSTALL}'
INSTALL_STRIP_PROGRAM='$(install_sh) -c -s'
LD='/opt/buildroot-gcc342/mipsel-linux-uclibc/bin/ld'
LDFLAGS=''
LIBOBJS=''
LIBS='-lnsl -lpthread '
LIBTOOL='$(SHELL) $(top_builddir)/libtool'
LIPO=''
LN_S='ln -s'
LTLIBOBJS=''
MAINT='#'
MAINTAINER_MODE_FALSE=''
MAINTAINER_MODE_TRUE='#'
MAKEINFO='${SHELL} /home/pengrf/github/wifidog/config/missing --run makeinfo'
MANIFEST_TOOL=':'
MKDIR_P='/usr/bin/mkdir -p'
NM='/opt/buildroot-gcc342/bin//mipsel-linux-nm -B'
NMEDIT=''
OBJDUMP='mipsel-linux-objdump'
OBJEXT='o'
OTOOL64=''
OTOOL=''
PACKAGE='wifidog'
PACKAGE_BUGREPORT=''
PACKAGE_NAME=''
PACKAGE_STRING=''
PACKAGE_TARNAME=''
PACKAGE_URL=''
PACKAGE_VERSION=''
PATH_SEPARATOR=':'
RANLIB='mipsel-linux-ranlib'
SED='/usr/bin/sed'
SET_MAKE=''
SHELL='/bin/sh'
STRIP='mipsel-linux-strip'
VERSION='20090925'
WIFIDOG_MAJOR_VERSION='1'
WIFIDOG_MICRO_VERSION='5'
WIFIDOG_MINOR_VERSION='1'
WIFIDOG_VERSION='20090925'
ac_ct_AR=''
ac_ct_CC=''
ac_ct_CXX=''
ac_ct_DUMPBIN=''
am__EXEEXT_FALSE=''
am__EXEEXT_TRUE='#'
am__fastdepCC_FALSE='#'
am__fastdepCC_TRUE=''
am__fastdepCXX_FALSE='#'
am__fastdepCXX_TRUE=''
am__include='include'
am__isrc=''
am__leading_dot='.'
am__nodep='_no'
am__quote=''
am__tar='$${TAR-tar} chof - "$$tardir"'
am__untar='$${TAR-tar} xf -'
bindir='${exec_prefix}/bin'
build='x86_64-pc-linux-gnu'
build_alias='x86_64-pc-linux'
build_cpu='x86_64'
build_os='linux-gnu'
build_vendor='pc'
datadir='${datarootdir}'
datarootdir='${prefix}/share'
docdir='${datarootdir}/doc/${PACKAGE}'
dvidir='${docdir}'
enable_dot='no'
enable_html_docs='yes'
enable_latex_docs='no'
exec_prefix='${prefix}'
host='mipsel-unknown-linux-gnu'
host_alias='mipsel-linux'
host_cpu='mipsel'
host_os='linux-gnu'
host_vendor='unknown'
htmldir='${docdir}'
includedir='${prefix}/include'
infodir='${datarootdir}/info'
install_sh='${SHELL} /home/pengrf/github/wifidog/config/install-sh'
libdir='${exec_prefix}/lib'
libexecdir='${exec_prefix}/libexec'
localedir='${datarootdir}/locale'
localstatedir='${prefix}/var'
mandir='${datarootdir}/man'
mkdir_p='$(MKDIR_P)'
oldincludedir='/usr/include'
pdfdir='${docdir}'
prefix='/home/pengrf/wifidog/target'
program_transform_name='s,x,x,'
psdir='${docdir}'
sbindir='${exec_prefix}/sbin'
sharedstatedir='${prefix}/com'
sysconfdir='${prefix}/etc'
target_alias=''

## ----------- ##
## confdefs.h. ##
## ----------- ##

/* confdefs.h */
#define PACKAGE_NAME ""
#define PACKAGE_TARNAME ""
#define PACKAGE_VERSION ""
#define PACKAGE_STRING ""
#define PACKAGE_BUGREPORT ""
#define PACKAGE_URL ""
#define PACKAGE "wifidog"
#define VERSION "20090925"
#define STDC_HEADERS 1
#define HAVE_SYS_TYPES_H 1
#define HAVE_SYS_STAT_H 1
#define HAVE_STDLIB_H 1
#define HAVE_STRING_H 1
#define HAVE_MEMORY_H 1
#define HAVE_STRINGS_H 1
#define HAVE_INTTYPES_H 1
#define HAVE_STDINT_H 1
#define HAVE_UNISTD_H 1
#define HAVE_DLFCN_H 1
#define LT_OBJDIR ".libs/"
#define STDC_HEADERS 1
#define HAVE_LIBPTHREAD 1
#define HAVE_STRING_H 1
#define HAVE_STRINGS_H 1
#define HAVE_STDARG_H 1
#define HAVE_UNISTD_H 1
#define HAVE_LIBNSL 1

configure: exit 0

## ---------------------- ##
## Running config.status. ##
## ---------------------- ##

This file was extended by config.status, which was
generated by GNU Autoconf 2.69.  Invocation command line was

  CONFIG_FILES    = 
  CONFIG_HEADERS  = 
  CONFIG_LINKS    = 
  CONFIG_COMMANDS = 
  $ ./config.status 

on cvn234

config.status:1168: creating Makefile
config.status:1168: creating wifidog.spec
config.status:1168: creating wifidog-msg.html
config.status:1168: creating src/Makefile
config.status:1168: creating libhttpd/Makefile
config.status:1168: creating doc/Makefile
config.status:1168: creating config.h
config.status:1349: config.h is unchanged
config.status:1397: executing depfiles commands
config.status:1397: executing libtool commands
